# JRE version: Java(TM) SE Runtime Environment (8.0_202-b08) (build 1.8.0_202-b08)
# Java VM: Java HotSpot(TM) 64-Bit Server VM (25.202-b08 mixed mode windows-amd64 compressed oops)
Heap:
 PSYoungGen      total 1367552K, used 1184328K [0x000000076ab00000, 0x00000007c0000000, 0x00000007c0000000)
  eden space 1337344K, 88% used [0x000000076ab00000,0x00000007b2f92098,0x00000007bc500000)
  from space 30208K, 0% used [0x00000007bc500000,0x00000007bc500000,0x00000007be280000)
  to   space 30208K, 0% used [0x00000007be280000,0x00000007be280000,0x00000007c0000000)
 ParOldGen       total 184832K, used 67365K [0x00000006c0000000, 0x00000006cb480000, 0x000000076ab00000)
  object space 184832K, 36% used [0x00000006c0000000,0x00000006c41c9558,0x00000006cb480000)
 Metaspace       used 105189K, capacity 112273K, committed 112424K, reserved 1148928K
  class space    used 12644K, capacity 13827K, committed 13952K, reserved 1048576K
GC Heap History (10 events):
Event: 9.748 GC heap before
{Heap before GC invocations=11 (full 2):
 PSYoungGen      total 946176K, used 165377K [0x000000076ab00000, 0x00000007a7800000, 0x00000007c0000000)
  eden space 928256K, 15% used [0x000000076ab00000,0x0000000773b08598,0x00000007a3580000)
  from space 17920K, 99% used [0x00000007a4d00000,0x00000007a5e781d8,0x00000007a5e80000)
  to   space 24064K, 0% used [0x00000007a3580000,0x00000007a3580000,0x00000007a4d00000)
 ParOldGen       total 105984K, used 28648K [0x00000006c0000000, 0x00000006c6780000, 0x000000076ab00000)
  object space 105984K, 27% used [0x00000006c0000000,0x00000006c1bfa3f0,0x00000006c6780000)
 Metaspace       used 57350K, capacity 60029K, committed 60080K, reserved 1101824K
  class space    used 7287K, capacity 7771K, committed 7808K, reserved 1048576K
Event: 9.854 GC heap after
Heap after GC invocations=11 (full 2):
 PSYoungGen      total 952320K, used 15591K [0x000000076ab00000, 0x00000007c0000000, 0x00000007c0000000)
  eden space 928256K, 0% used [0x000000076ab00000,0x000000076ab00000,0x00000007a3580000)
  from space 24064K, 64% used [0x00000007a3580000,0x00000007a44b9fa0,0x00000007a4d00000)
  to   space 24576K, 0% used [0x00000007be800000,0x00000007be800000,0x00000007c0000000)
 ParOldGen       total 105984K, used 28729K [0x00000006c0000000, 0x00000006c6780000, 0x000000076ab00000)
  object space 105984K, 27% used [0x00000006c0000000,0x00000006c1c0e400,0x00000006c6780000)
 Metaspace       used 57350K, capacity 60029K, committed 60080K, reserved 1101824K
  class space    used 7287K, capacity 7771K, committed 7808K, reserved 1048576K
}
Event: 9.854 GC heap before
{Heap before GC invocations=12 (full 3):
 PSYoungGen      total 952320K, used 15591K [0x000000076ab00000, 0x00000007c0000000, 0x00000007c0000000)
  eden space 928256K, 0% used [0x000000076ab00000,0x000000076ab00000,0x00000007a3580000)
  from space 24064K, 64% used [0x00000007a3580000,0x00000007a44b9fa0,0x00000007a4d00000)
  to   space 24576K, 0% used [0x00000007be800000,0x00000007be800000,0x00000007c0000000)
 ParOldGen       total 105984K, used 28729K [0x00000006c0000000, 0x00000006c6780000, 0x000000076ab00000)
  object space 105984K, 27% used [0x00000006c0000000,0x00000006c1c0e400,0x00000006c6780000)
 Metaspace       used 57350K, capacity 60029K, committed 60080K, reserved 1101824K
  class space    used 7287K, capacity 7771K, committed 7808K, reserved 1048576K
Event: 10.054 GC heap after
Heap after GC invocations=12 (full 3):
 PSYoungGen      total 952320K, used 0K [0x000000076ab00000, 0x00000007c0000000, 0x00000007c0000000)
  eden space 928256K, 0% used [0x000000076ab00000,0x000000076ab00000,0x00000007a3580000)
  from space 24064K, 0% used [0x00000007a3580000,0x00000007a3580000,0x00000007a4d00000)
  to   space 24576K, 0% used [0x00000007be800000,0x00000007be800000,0x00000007c0000000)
 ParOldGen       total 124416K, used 27066K [0x00000006c0000000, 0x00000006c7980000, 0x000000076ab00000)
  object space 124416K, 21% used [0x00000006c0000000,0x00000006c1a6ea70,0x00000006c7980000)
 Metaspace       used 57350K, capacity 60029K, committed 60080K, reserved 1101824K
  class space    used 7287K, capacity 7771K, committed 7808K, reserved 1048576K
}
Event: 14.192 GC heap before
{Heap before GC invocations=13 (full 3):
 PSYoungGen      total 952320K, used 928256K [0x000000076ab00000, 0x00000007c0000000, 0x00000007c0000000)
  eden space 928256K, 100% used [0x000000076ab00000,0x00000007a3580000,0x00000007a3580000)
  from space 24064K, 0% used [0x00000007a3580000,0x00000007a3580000,0x00000007a4d00000)
  to   space 24576K, 0% used [0x00000007be800000,0x00000007be800000,0x00000007c0000000)
 ParOldGen       total 124416K, used 27066K [0x00000006c0000000, 0x00000006c7980000, 0x000000076ab00000)
  object space 124416K, 21% used [0x00000006c0000000,0x00000006c1a6ea70,0x00000006c7980000)
 Metaspace       used 75736K, capacity 79051K, committed 79184K, reserved 1118208K
  class space    used 9414K, capacity 10062K, committed 10112K, reserved 1048576K
Event: 14.271 GC heap after
Heap after GC invocations=13 (full 3):
 PSYoungGen      total 1361920K, used 24547K [0x000000076ab00000, 0x00000007c0000000, 0x00000007c0000000)
  eden space 1337344K, 0% used [0x000000076ab00000,0x000000076ab00000,0x00000007bc500000)
  from space 24576K, 99% used [0x00000007be800000,0x00000007bfff8de8,0x00000007c0000000)
  to   space 30208K, 0% used [0x00000007bc500000,0x00000007bc500000,0x00000007be280000)
 ParOldGen       total 124416K, used 32989K [0x00000006c0000000, 0x00000006c7980000, 0x000000076ab00000)
  object space 124416K, 26% used [0x00000006c0000000,0x00000006c2037660,0x00000006c7980000)
 Metaspace       used 75736K, capacity 79051K, committed 79184K, reserved 1118208K
  class space    used 9414K, capacity 10062K, committed 10112K, reserved 1048576K
}
Event: 33.738 GC heap before
{Heap before GC invocations=14 (full 3):
 PSYoungGen      total 1361920K, used 1191058K [0x000000076ab00000, 0x00000007c0000000, 0x00000007c0000000)
  eden space 1337344K, 87% used [0x000000076ab00000,0x00000007b1e2ba50,0x00000007bc500000)
  from space 24576K, 99% used [0x00000007be800000,0x00000007bfff8de8,0x00000007c0000000)
  to   space 30208K, 0% used [0x00000007bc500000,0x00000007bc500000,0x00000007be280000)
 ParOldGen       total 124416K, used 32989K [0x00000006c0000000, 0x00000006c7980000, 0x000000076ab00000)
  object space 124416K, 26% used [0x00000006c0000000,0x00000006c2037660,0x00000006c7980000)
 Metaspace       used 94485K, capacity 100087K, committed 100136K, reserved 1136640K
  class space    used 11697K, capacity 12648K, committed 12672K, reserved 1048576K
Event: 33.775 GC heap after
Heap after GC invocations=14 (full 3):
 PSYoungGen      total 1367552K, used 30192K [0x000000076ab00000, 0x00000007c0000000, 0x00000007c0000000)
  eden space 1337344K, 0% used [0x000000076ab00000,0x000000076ab00000,0x00000007bc500000)
  from space 30208K, 99% used [0x00000007bc500000,0x00000007be27c290,0x00000007be280000)
  to   space 30208K, 0% used [0x00000007be280000,0x00000007be280000,0x00000007c0000000)
 ParOldGen       total 124416K, used 48802K [0x00000006c0000000, 0x00000006c7980000, 0x000000076ab00000)
  object space 124416K, 39% used [0x00000006c0000000,0x00000006c2fa89d8,0x00000006c7980000)
 Metaspace       used 94485K, capacity 100087K, committed 100136K, reserved 1136640K
  class space    used 11697K, capacity 12648K, committed 12672K, reserved 1048576K
}
Event: 33.775 GC heap before
{Heap before GC invocations=15 (full 4):
 PSYoungGen      total 1367552K, used 30192K [0x000000076ab00000, 0x00000007c0000000, 0x00000007c0000000)
  eden space 1337344K, 0% used [0x000000076ab00000,0x000000076ab00000,0x00000007bc500000)
  from space 30208K, 99% used [0x00000007bc500000,0x00000007be27c290,0x00000007be280000)
  to   space 30208K, 0% used [0x00000007be280000,0x00000007be280000,0x00000007c0000000)
 ParOldGen       total 124416K, used 48802K [0x00000006c0000000, 0x00000006c7980000, 0x000000076ab00000)
  object space 124416K, 39% used [0x00000006c0000000,0x00000006c2fa89d8,0x00000006c7980000)
 Metaspace       used 94485K, capacity 100087K, committed 100136K, reserved 1136640K
  class space    used 11697K, capacity 12648K, committed 12672K, reserved 1048576K
Event: 33.961 GC heap after
Heap after GC invocations=15 (full 4):
 PSYoungGen      total 1367552K, used 0K [0x000000076ab00000, 0x00000007c0000000, 0x00000007c0000000)
  eden space 1337344K, 0% used [0x000000076ab00000,0x000000076ab00000,0x00000007bc500000)
  from space 30208K, 0% used [0x00000007bc500000,0x00000007bc500000,0x00000007be280000)
  to   space 30208K, 0% used [0x00000007be280000,0x00000007be280000,0x00000007c0000000)
 ParOldGen       total 184832K, used 67365K [0x00000006c0000000, 0x00000006cb480000, 0x000000076ab00000)
  object space 184832K, 36% used [0x00000006c0000000,0x00000006c41c9558,0x00000006cb480000)
 Metaspace       used 94434K, capacity 99943K, committed 100136K, reserved 1136640K
  class space    used 11681K, capacity 12620K, committed 12672K, reserved 1048576K
}

